-------------------------------------------------------------------------------
Test set: com.playlist.evaluation.Req01CompositeTest
-------------------------------------------------------------------------------
Tests run: 7, Failures: 0, Errors: 7, Skipped: 0, Time elapsed: 0.013 s <<< FAILURE! -- in com.playlist.evaluation.Req01CompositeTest
com.playlist.evaluation.Req01CompositeTest.nestedPlaylistsAreAggregated -- Time elapsed: 0.003 s <<< ERROR!
java.lang.UnsupportedOperationException: Requisito 1: implemente o construtor de PlaylistNode
	at com.playlist.composite.PlaylistNode.<init>(PlaylistNode.java:19)
	at com.playlist.evaluation.Req01CompositeTest.nestedPlaylistsAreAggregated(Req01CompositeTest.java:68)
	at java.base/java.lang.reflect.Method.invoke(Method.java:568)
	at java.base/java.util.ArrayList.forEach(ArrayList.java:1511)
	at java.base/java.util.ArrayList.forEach(ArrayList.java:1511)

com.playlist.evaluation.Req01CompositeTest.addRejectsInvalidItems -- Time elapsed: 0.001 s <<< ERROR!
java.lang.UnsupportedOperationException: Requisito 1: implemente o construtor de PlaylistNode
	at com.playlist.composite.PlaylistNode.<init>(PlaylistNode.java:19)
	at com.playlist.evaluation.Req01CompositeTest.addRejectsInvalidItems(Req01CompositeTest.java:121)
	at java.base/java.lang.reflect.Method.invoke(Method.java:568)
	at java.base/java.util.ArrayList.forEach(ArrayList.java:1511)
	at java.base/java.util.ArrayList.forEach(ArrayList.java:1511)

com.playlist.evaluation.Req01CompositeTest.childrenAreImmutableAndRemovable -- Time elapsed: 0.002 s <<< ERROR!
java.lang.UnsupportedOperationException: Exercício 1: implemente o construtor de TrackItem
	at com.playlist.composite.TrackItem.<init>(TrackItem.java:18)
	at com.playlist.evaluation.Req01CompositeTest.childrenAreImmutableAndRemovable(Req01CompositeTest.java:98)
	at java.base/java.lang.reflect.Method.invoke(Method.java:568)
	at java.base/java.util.ArrayList.forEach(ArrayList.java:1511)
	at java.base/java.util.ArrayList.forEach(ArrayList.java:1511)

com.playlist.evaluation.Req01CompositeTest.flattenKeepsDepthFirstOrder -- Time elapsed: 0.001 s <<< ERROR!
java.lang.UnsupportedOperationException: Requisito 1: implemente o construtor de PlaylistNode
	at com.playlist.composite.PlaylistNode.<init>(PlaylistNode.java:19)
	at com.playlist.evaluation.Req01CompositeTest.flattenKeepsDepthFirstOrder(Req01CompositeTest.java:84)
	at java.base/java.lang.reflect.Method.invoke(Method.java:568)
	at java.base/java.util.ArrayList.forEach(ArrayList.java:1511)
	at java.base/java.util.ArrayList.forEach(ArrayList.java:1511)

com.playlist.evaluation.Req01CompositeTest.emptyPlaylistIsNeutral -- Time elapsed: 0.001 s <<< ERROR!
java.lang.UnsupportedOperationException: Requisito 1: implemente o construtor de PlaylistNode
	at com.playlist.composite.PlaylistNode.<init>(PlaylistNode.java:19)
	at com.playlist.evaluation.Req01CompositeTest.emptyPlaylistIsNeutral(Req01CompositeTest.java:44)
	at java.base/java.lang.reflect.Method.invoke(Method.java:568)
	at java.base/java.util.ArrayList.forEach(ArrayList.java:1511)
	at java.base/java.util.ArrayList.forEach(ArrayList.java:1511)

com.playlist.evaluation.Req01CompositeTest.playlistSumsDirectChildren -- Time elapsed: 0.001 s <<< ERROR!
java.lang.UnsupportedOperationException: Requisito 1: implemente o construtor de PlaylistNode
	at com.playlist.composite.PlaylistNode.<init>(PlaylistNode.java:19)
	at com.playlist.evaluation.Req01CompositeTest.playlistSumsDirectChildren(Req01CompositeTest.java:56)
	at java.base/java.lang.reflect.Method.invoke(Method.java:568)
	at java.base/java.util.ArrayList.forEach(ArrayList.java:1511)
	at java.base/java.util.ArrayList.forEach(ArrayList.java:1511)

com.playlist.evaluation.Req01CompositeTest.trackItemExposesTrackData -- Time elapsed: 0.001 s <<< ERROR!
java.lang.UnsupportedOperationException: Exercício 1: implemente o construtor de TrackItem
	at com.playlist.composite.TrackItem.<init>(TrackItem.java:18)
	at com.playlist.evaluation.Req01CompositeTest.trackItemExposesTrackData(Req01CompositeTest.java:32)
	at java.base/java.lang.reflect.Method.invoke(Method.java:568)
	at java.base/java.util.ArrayList.forEach(ArrayList.java:1511)
	at java.base/java.util.ArrayList.forEach(ArrayList.java:1511)

