<?xml version="1.0" encoding="UTF-8"?>
<testsuite xmlns:xsi="http://www.w3.org/2001/XMLSchema-instance" xsi:noNamespaceSchemaLocation="https://maven.apache.org/surefire/maven-surefire-plugin/xsd/surefire-test-report-3.0.xsd" version="3.0" name="com.playlist.evaluation.Req04DecoratorTest" time="0.039" tests="8" errors="7" skipped="0" failures="1">
  <properties>
[...]
</properties>
  <testcase name="A cadeia de efeitos preserva o título da faixa" classname="com.playlist.evaluation.Req04DecoratorTest" time="0.014">
    <error message="Exercício 4: implemente o construtor de AudioEffect" type="java.lang.UnsupportedOperationException"><![CDATA[java.lang.UnsupportedOperationException: Exercício 4: implemente o construtor de AudioEffect
	at com.playlist.decorator.AudioEffect.<init>(AudioEffect.java:20)
	at com.playlist.decorator.VolumeEffect.<init>(VolumeEffect.java:15)
	at com.playlist.evaluation.Req04DecoratorTest.chainPreservesTitle(Req04DecoratorTest.java:58)
	at java.base/java.lang.reflect.Method.invoke(Method.java:568)
	at java.base/java.util.ArrayList.forEach(ArrayList.java:1511)
	at java.base/java.util.ArrayList.forEach(ArrayList.java:1511)
]]></error>
  </testcase>
  <testcase name="A ordem dos decoradores muda o resultado" classname="com.playlist.evaluation.Req04DecoratorTest" time="0.002">
    <error message="Exercício 4: implemente o construtor de AudioEffect" type="java.lang.UnsupportedOperationException"><![CDATA[java.lang.UnsupportedOperationException: Exercício 4: implemente o construtor de AudioEffect
	at com.playlist.decorator.AudioEffect.<init>(AudioEffect.java:20)
	at com.playlist.decorator.VolumeEffect.<init>(VolumeEffect.java:15)
	at com.playlist.evaluation.Req04DecoratorTest.decoratorOrderMatters(Req04DecoratorTest.java:91)
	at java.base/java.lang.reflect.Method.invoke(Method.java:568)
	at java.base/java.util.ArrayList.forEach(ArrayList.java:1511)
	at java.base/java.util.ArrayList.forEach(ArrayList.java:1511)
]]></error>
  </testcase>
  <testcase name="NoiseGateEffect zera as amostras abaixo do limiar" classname="com.playlist.evaluation.Req04DecoratorTest" time="0.001">
    <error message="Exercício 4: implemente o construtor de AudioEffect" type="java.lang.UnsupportedOperationException"><![CDATA[java.lang.UnsupportedOperationException: Exercício 4: implemente o construtor de AudioEffect
	at com.playlist.decorator.AudioEffect.<init>(AudioEffect.java:20)
	at com.playlist.decorator.NoiseGateEffect.<init>(NoiseGateEffect.java:15)
	at com.playlist.evaluation.Req04DecoratorTest.noiseGateSilencesQuietSamples(Req04DecoratorTest.java:50)
	at java.base/java.lang.reflect.Method.invoke(Method.java:568)
	at java.base/java.util.ArrayList.forEach(ArrayList.java:1511)
	at java.base/java.util.ArrayList.forEach(ArrayList.java:1511)
]]></error>
  </testcase>
  <testcase name="getEffectChain descreve os efeitos na ordem em que foram aplicados" classname="com.playlist.evaluation.Req04DecoratorTest" time="0.001">
    <error message="Exercício 4: implemente o construtor de AudioEffect" type="java.lang.UnsupportedOperationException"><![CDATA[java.lang.UnsupportedOperationException: Exercício 4: implemente o construtor de AudioEffect
	at com.playlist.decorator.AudioEffect.<init>(AudioEffect.java:20)
	at com.playlist.decorator.VolumeEffect.<init>(VolumeEffect.java:15)
	at com.playlist.evaluation.Req04DecoratorTest.chainDescriptionFollowsApplicationOrder(Req04DecoratorTest.java:66)
	at java.base/java.lang.reflect.Method.invoke(Method.java:568)
	at java.base/java.util.ArrayList.forEach(ArrayList.java:1511)
	at java.base/java.util.ArrayList.forEach(ArrayList.java:1511)
]]></error>
  </testcase>
  <testcase name="Os efeitos não alteram o áudio original nem entre chamadas" classname="com.playlist.evaluation.Req04DecoratorTest" time="0.0">
    <error message="Exercício 4: implemente o construtor de AudioEffect" type="java.lang.UnsupportedOperationException"><![CDATA[java.lang.UnsupportedOperationException: Exercício 4: implemente o construtor de AudioEffect
	at com.playlist.decorator.AudioEffect.<init>(AudioEffect.java:20)
	at com.playlist.decorator.VolumeEffect.<init>(VolumeEffect.java:15)
	at com.playlist.evaluation.Req04DecoratorTest.effectsDoNotMutateTheSource(Req04DecoratorTest.java:77)
	at java.base/java.lang.reflect.Method.invoke(Method.java:568)
	at java.base/java.util.ArrayList.forEach(ArrayList.java:1511)
	at java.base/java.util.ArrayList.forEach(ArrayList.java:1511)
]]></error>
  </testcase>
  <testcase name="O decorador abstrato rejeita um áudio nulo" classname="com.playlist.evaluation.Req04DecoratorTest" time="0.003">
    <failure message="Unexpected exception type thrown, expected: &lt;java.lang.IllegalArgumentException&gt; but was: &lt;java.lang.UnsupportedOperationException&gt;" type="org.opentest4j.AssertionFailedError"><![CDATA[org.opentest4j.AssertionFailedError: Unexpected exception type thrown, expected: <java.lang.IllegalArgumentException> but was: <java.lang.UnsupportedOperationException>
	at org.junit.jupiter.api.AssertionFailureBuilder.build(AssertionFailureBuilder.java:151)
	at org.junit.jupiter.api.AssertThrows.assertThrows(AssertThrows.java:67)
	at org.junit.jupiter.api.AssertThrows.assertThrows(AssertThrows.java:35)
	at org.junit.jupiter.api.Assertions.assertThrows(Assertions.java:3115)
	at com.playlist.evaluation.Req04DecoratorTest.rejectsNullInnerTrack(Req04DecoratorTest.java:103)
	at java.base/java.lang.reflect.Method.invoke(Method.java:568)
	at java.base/java.util.ArrayList.forEach(ArrayList.java:1511)
	at java.base/java.util.ArrayList.forEach(ArrayList.java:1511)
Caused by: java.lang.UnsupportedOperationException: Exercício 4: implemente o construtor de AudioEffect
	at com.playlist.decorator.AudioEffect.<init>(AudioEffect.java:20)
	at com.playlist.decorator.VolumeEffect.<init>(VolumeEffect.java:15)
	at com.playlist.evaluation.Req04DecoratorTest.lambda$rejectsNullInnerTrack$0(Req04DecoratorTest.java:103)
	at org.junit.jupiter.api.AssertThrows.assertThrows(AssertThrows.java:53)
	... 6 more
]]></failure>
  </testcase>
  <testcase name="VolumeEffect multiplica as amostras e corta em [-1.0, 1.0]" classname="com.playlist.evaluation.Req04DecoratorTest" time="0.001">
    <error message="Exercício 4: implemente o construtor de AudioEffect" type="java.lang.UnsupportedOperationException"><![CDATA[java.lang.UnsupportedOperationException: Exercício 4: implemente o construtor de AudioEffect
	at com.playlist.decorator.AudioEffect.<init>(AudioEffect.java:20)
	at com.playlist.decorator.VolumeEffect.<init>(VolumeEffect.java:15)
	at com.playlist.evaluation.Req04DecoratorTest.volumeEffectAmplifiesAndClamps(Req04DecoratorTest.java:31)
	at java.base/java.lang.reflect.Method.invoke(Method.java:568)
	at java.base/java.util.ArrayList.forEach(ArrayList.java:1511)
	at java.base/java.util.ArrayList.forEach(ArrayList.java:1511)
]]></error>
  </testcase>
  <testcase name="FadeInEffect aplica rampa linear nas primeiras amostras" classname="com.playlist.evaluation.Req04DecoratorTest" time="0.001">
    <error message="Exercício 4: implemente o construtor de AudioEffect" type="java.lang.UnsupportedOperationException"><![CDATA[java.lang.UnsupportedOperationException: Exercício 4: implemente o construtor de AudioEffect
	at com.playlist.decorator.AudioEffect.<init>(AudioEffect.java:20)
	at com.playlist.decorator.FadeInEffect.<init>(FadeInEffect.java:15)
	at com.playlist.evaluation.Req04DecoratorTest.fadeInEffectAppliesLinearRamp(Req04DecoratorTest.java:39)
	at java.base/java.lang.reflect.Method.invoke(Method.java:568)
	at java.base/java.util.ArrayList.forEach(ArrayList.java:1511)
	at java.base/java.util.ArrayList.forEach(ArrayList.java:1511)
]]></error>
  </testcase>
</testsuite>