<?xml version="1.0" encoding="UTF-8"?>
<testsuite xmlns:xsi="http://www.w3.org/2001/XMLSchema-instance" xsi:noNamespaceSchemaLocation="https://maven.apache.org/surefire/maven-surefire-plugin/xsd/surefire-test-report-3.0.xsd" version="3.0" name="com.playlist.evaluation.Req01CompositeTest" time="0.013" tests="7" errors="7" skipped="0" failures="0">
  <properties>
[...]
</properties>
  <testcase name="Playlists aninhadas são somadas recursivamente" classname="com.playlist.evaluation.Req01CompositeTest" time="0.003">
    <error message="Requisito 1: implemente o construtor de PlaylistNode" type="java.lang.UnsupportedOperationException"><![CDATA[java.lang.UnsupportedOperationException: Requisito 1: implemente o construtor de PlaylistNode
	at com.playlist.composite.PlaylistNode.<init>(PlaylistNode.java:19)
	at com.playlist.evaluation.Req01CompositeTest.nestedPlaylistsAreAggregated(Req01CompositeTest.java:68)
	at java.base/java.lang.reflect.Method.invoke(Method.java:568)
	at java.base/java.util.ArrayList.forEach(ArrayList.java:1511)
	at java.base/java.util.ArrayList.forEach(ArrayList.java:1511)
]]></error>
  </testcase>
  <testcase name="add rejeita nulo, a própria playlist e ciclos" classname="com.playlist.evaluation.Req01CompositeTest" time="0.001">
    <error message="Requisito 1: implemente o construtor de PlaylistNode" type="java.lang.UnsupportedOperationException"><![CDATA[java.lang.UnsupportedOperationException: Requisito 1: implemente o construtor de PlaylistNode
	at com.playlist.composite.PlaylistNode.<init>(PlaylistNode.java:19)
	at com.playlist.evaluation.Req01CompositeTest.addRejectsInvalidItems(Req01CompositeTest.java:121)
	at java.base/java.lang.reflect.Method.invoke(Method.java:568)
	at java.base/java.util.ArrayList.forEach(ArrayList.java:1511)
	at java.base/java.util.ArrayList.forEach(ArrayList.java:1511)
]]></error>
  </testcase>
  <testcase name="getChildren é imutável, remove e contains funcionam" classname="com.playlist.evaluation.Req01CompositeTest" time="0.002">
    <error message="Exercício 1: implemente o construtor de TrackItem" type="java.lang.UnsupportedOperationException"><![CDATA[java.lang.UnsupportedOperationException: Exercício 1: implemente o construtor de TrackItem
	at com.playlist.composite.TrackItem.<init>(TrackItem.java:18)
	at com.playlist.evaluation.Req01CompositeTest.childrenAreImmutableAndRemovable(Req01CompositeTest.java:98)
	at java.base/java.lang.reflect.Method.invoke(Method.java:568)
	at java.base/java.util.ArrayList.forEach(ArrayList.java:1511)
	at java.base/java.util.ArrayList.forEach(ArrayList.java:1511)
]]></error>
  </testcase>
  <testcase name="flatten devolve as faixas em profundidade e na ordem de inserção" classname="com.playlist.evaluation.Req01CompositeTest" time="0.001">
    <error message="Requisito 1: implemente o construtor de PlaylistNode" type="java.lang.UnsupportedOperationException"><![CDATA[java.lang.UnsupportedOperationException: Requisito 1: implemente o construtor de PlaylistNode
	at com.playlist.composite.PlaylistNode.<init>(PlaylistNode.java:19)
	at com.playlist.evaluation.Req01CompositeTest.flattenKeepsDepthFirstOrder(Req01CompositeTest.java:84)
	at java.base/java.lang.reflect.Method.invoke(Method.java:568)
	at java.base/java.util.ArrayList.forEach(ArrayList.java:1511)
	at java.base/java.util.ArrayList.forEach(ArrayList.java:1511)
]]></error>
  </testcase>
  <testcase name="Playlist vazia tem duração zero, contagem zero e flatten vazio" classname="com.playlist.evaluation.Req01CompositeTest" time="0.001">
    <error message="Requisito 1: implemente o construtor de PlaylistNode" type="java.lang.UnsupportedOperationException"><![CDATA[java.lang.UnsupportedOperationException: Requisito 1: implemente o construtor de PlaylistNode
	at com.playlist.composite.PlaylistNode.<init>(PlaylistNode.java:19)
	at com.playlist.evaluation.Req01CompositeTest.emptyPlaylistIsNeutral(Req01CompositeTest.java:44)
	at java.base/java.lang.reflect.Method.invoke(Method.java:568)
	at java.base/java.util.ArrayList.forEach(ArrayList.java:1511)
	at java.base/java.util.ArrayList.forEach(ArrayList.java:1511)
]]></error>
  </testcase>
  <testcase name="Playlist soma duração e contagem dos filhos diretos" classname="com.playlist.evaluation.Req01CompositeTest" time="0.001">
    <error message="Requisito 1: implemente o construtor de PlaylistNode" type="java.lang.UnsupportedOperationException"><![CDATA[java.lang.UnsupportedOperationException: Requisito 1: implemente o construtor de PlaylistNode
	at com.playlist.composite.PlaylistNode.<init>(PlaylistNode.java:19)
	at com.playlist.evaluation.Req01CompositeTest.playlistSumsDirectChildren(Req01CompositeTest.java:56)
	at java.base/java.lang.reflect.Method.invoke(Method.java:568)
	at java.base/java.util.ArrayList.forEach(ArrayList.java:1511)
	at java.base/java.util.ArrayList.forEach(ArrayList.java:1511)
]]></error>
  </testcase>
  <testcase name="TrackItem expõe nome, duração, contagem e faixa da música" classname="com.playlist.evaluation.Req01CompositeTest" time="0.001">
    <error message="Exercício 1: implemente o construtor de TrackItem" type="java.lang.UnsupportedOperationException"><![CDATA[java.lang.UnsupportedOperationException: Exercício 1: implemente o construtor de TrackItem
	at com.playlist.composite.TrackItem.<init>(TrackItem.java:18)
	at com.playlist.evaluation.Req01CompositeTest.trackItemExposesTrackData(Req01CompositeTest.java:32)
	at java.base/java.lang.reflect.Method.invoke(Method.java:568)
	at java.base/java.util.ArrayList.forEach(ArrayList.java:1511)
	at java.base/java.util.ArrayList.forEach(ArrayList.java:1511)
]]></error>
  </testcase>
</testsuite>