<?xml version="1.0" encoding="UTF-8"?>
<testsuite xmlns:xsi="http://www.w3.org/2001/XMLSchema-instance" xsi:noNamespaceSchemaLocation="https://maven.apache.org/surefire/maven-surefire-plugin/xsd/surefire-test-report-3.0.xsd" version="3.0" name="com.playlist.evaluation.Req02AdapterTest" time="0.035" tests="8" errors="0" skipped="0" failures="0">
  <properties>
[...]
</properties>
  <testcase name="A marcação de faixa premium é traduzida corretamente" classname="com.playlist.evaluation.Req02AdapterTest" time="0.015"/>
  <testcase name="O catálogo real embarcado no projeto é lido corretamente" classname="com.playlist.evaluation.Req02AdapterTest" time="0.003"/>
  <testcase name="findById delega a busca ao sistema legado em vez de varrer o catálogo" classname="com.playlist.evaluation.Req02AdapterTest" time="0.001"/>
  <testcase name="Espaços em excesso do sistema legado são removidos" classname="com.playlist.evaluation.Req02AdapterTest" time="0.0"/>
  <testcase name="Título e artista são convertidos do formato legado" classname="com.playlist.evaluation.Req02AdapterTest" time="0.001"/>
  <testcase name="findAll converte todos os registros válidos e ignora os malformados" classname="com.playlist.evaluation.Req02AdapterTest" time="0.002"/>
  <testcase name="Duração é convertida de milissegundos para segundos, truncando" classname="com.playlist.evaluation.Req02AdapterTest" time="0.0"/>
  <testcase name="findById devolve a faixa convertida e Optional vazio quando não existe" classname="com.playlist.evaluation.Req02AdapterTest" time="0.001"/>
</testsuite>